********************************************************************************
PACKAGE-LOG: 2015-04-20 06:04:18
NOTICE: Do NOT post to public sites or forums 
********************************************************************************
VERSION:	0.5.16
WORDPRESS:	4.1.1
PHP INFO:	5.6.2 | SAPI: apache2handler
SERVER:		Apache/2.2.29 (Unix) mod_fastcgi/2.4.6 mod_wsgi/3.4 Python/2.7.8 PHP/5.6.2 mod_ssl/2.2.29 OpenSSL/0.9.8za DAV/2 mod_perl/2.0.8 Perl/v5.20.0 
PHP TIME LIMIT: (0) no time limit imposed 
PHP MAX MEMORY: 5000M (128M default) 
MEMORY STACK: 18.25MB 

********************************************************************************
DATABASE:
********************************************************************************
BUILD MODE:   PHP (query limit - 100)
MYSQLDUMP:    Not Supported
MYSQLTIMEOUT: 5000 
TABLES: total:12 | filtered:0 | create:12 
FILTERED: [] 
SQL CREATED: samanthanissenportfolio_5534969b2c8978515150420060307_database.sql 
SQL FILE SIZE: 393.5KB 
SQL FILE TIME: 2015-04-20 06:04:18 
SQL RUNTIME: 0.08 sec. 

******************************************************************************** 
ARCHIVE (ZIP): 
******************************************************************************** 
ARCHIVE DIR:  /Applications/MAMP/htdocs/samantha-nissen 
ARCHIVE FILE: samanthanissenportfolio_5534969b2c8978515150420060307_archive.zip 
FILTERS: *OFF* 
DIRS:  not set 
EXTS:  not set 
---------------------------------------- 
COMPRESSING 
SIZE:	58.51MB 
STATS:	Dirs 480 | Files 3,196 | Links 0 
SQL ADDED: samanthanissenportfolio_5534969b2c8978515150420060307_database.sql 
ZipArchive Object
(
    [status] => 0
    [statusSys] => 0
    [numFiles] => 3676
    [filename] => /Applications/MAMP/htdocs/samantha-nissen/wp-snapshots/tmp/samanthanissenportfolio_5534969b2c8978515150420060307_archive.zip
    [comment] => 
)
 
COMPRESSION RESULT: '1' 
COMPRESSED SIZE: 36.24MB 
ARCHIVE RUNTIME: 29.15 sec. 
MEMORY STACK: 19.75MB 

******************************************************************************** 
MAKE INSTALLER: 
******************************************************************************** 
Build Start 
Build Finished 
Preping for use 
Template parsed with new data 
Complete [/Applications/MAMP/htdocs/samantha-nissen/wp-snapshots/tmp/samanthanissenportfolio_5534969b2c8978515150420060307_installer.php] 
Added to archive 

******************************************************************************** 
INTEGRITY CHECKS: 
******************************************************************************** 
SQL File: 393.5KB 
Installer File: 316.96KB 
Archive File: 36.24MB  

********************************************************************************
RECORD ID:[1]
TOTAL PROCESS RUNTIME: 31.65 sec.
PEAK PHP MEMORY USED: 22.25MB
DONE PROCESSING => samanthanissenportfolio 2015-04-20 06:04:50
 
